<?xml version="1.0" encoding="utf-8"?>
<shfbBuild product="Sandcastle Help File Builder and Tools" version="2025.9.30.0" projectFile="E:\clyPersonalProject\DotnetUtils\DotnetUtilsSHFB.shfbproj" started="2025/10/21 13:50:38">
<buildStep step="Initializing">
The Sandcastle tools are located in &#39;D:\Apps\SHFB&#39;
Locating components in the following folder(s):
    E:\clyPersonalProject\DotnetUtils
    C:\ProgramData\EWSoftware\Sandcastle Help File Builder\Components and Plug-Ins
    D:\Apps\SHFB\Components
Using framework reflection data for &#39;.NET Core/.NET Standard/.NET 5.0+&#39; located in &#39;D:\Apps\SHFB\Data\.NET&#39;
Using presentation style &#39;Markdown&#39; located in &#39;D:\Apps\SHFB\Components\Markdown&#39;
-------------------------------
Clearing any prior web/markdown output...
</buildStep>
<buildStep step="ValidatingDocumentationSources">
Validating and copying documentation source information
Source: E:\clyPersonalProject\DotnetUtils\DotnetUtils\bin\Debug\net8.0\DotnetUtils.dll
    Found assembly &#39;E:\clyPersonalProject\DotnetUtils\DotnetUtils\bin\Debug\net8.0\DotnetUtils.dll&#39;
Source: E:\clyPersonalProject\DotnetUtils\DotnetUtils\bin\Debug\net8.0\DotnetUtils.xml

Copying XML comments files
    E:\clyPersonalProject\DotnetUtils\DotnetUtils\bin\Debug\net8.0\DotnetUtils.xml -&gt; E:\clyPersonalProject\DotnetUtils\Help\Working\DotnetUtils.xml
</buildStep>
<buildStep step="GenerateSharedContent">
Generating shared content files (zh-CN, 中文(简体，中国))...
    Last step completed in 00:00:00.0010
</buildStep>
<buildStep step="GenerateApiFilter">
Generating API filter for MRefBuilder...
    Last step completed in 00:00:00.0010
</buildStep>
<buildStep step="GenerateReflectionInfo">
Generating reflection information...
[D:\Apps\VisualStudio\Insider\MSBuild\Current\Bin\amd64\MSBuild.exe - GenerateRefInfo-907b3d7d-4678-4a42-a001-29565e79c55a.proj]
鐢熸垚鍚姩鏃堕棿涓?2025/10/21 13:50:39銆?

鑺傜偣 1 涓婄殑椤圭洰鈥淓:\clyPersonalProject\DotnetUtils\Help\Working\GenerateRefInfo-907b3d7d-4678-4a42-a001-29565e79c55a.proj鈥?榛樿鐩爣)銆?
PrepareForBuild:
  姝ｅ湪鍒涘缓鐩綍鈥渙bj\Debug\鈥濄€?
GenerateRefInfo:
  Microsoft.Build (v18.0.0+ef8ee47aa94a43657e516677db73ed77bdbe92bf)
  漏 Microsoft Corporation. All rights reserved.
  No source code context base path specified.  Source context information is unavailable.
  Loaded 1 assemblies for reflection and 1 dependency assemblies.
  Using framework redirect &#39;System.Collections, Version=10.0.0.0, Culture=neutral, PublicKeyToken=b03f5f7f11d50a3a&#39; in place of &#39;System.Collections, Version=8.0.0.0, Culture=neutral, PublicKeyToken=b03f5f7f11d50a3a&#39;
  Wrote information on 1 namespaces, 1 types, and 2 members
  Merging duplicate type and member information
  Merged 0 duplicate type(s) and 0 duplicate member(s)
宸插畬鎴愮敓鎴愰」鐩€淓:\clyPersonalProject\DotnetUtils\Help\Working\GenerateRefInfo-907b3d7d-4678-4a42-a001-29565e79c55a.proj鈥?榛樿鐩爣)鐨勬搷浣溿€?
    Last step completed in 00:00:00.4363
</buildStep>
<buildStep step="ApplyDocumentModel">
Applying document model to reflection output...
    Last step completed in 00:00:00.0010
</buildStep>
<buildStep step="AddApiTopicFilenames">
Adding topic filenames to API members...
    Last step completed in 00:00:00.0170
</buildStep>
<buildStep step="GenerateApiTopicManifest">
Generating API topic manifest...
    Last step completed in 00:00:00.0114
</buildStep>
<buildStep step="GenerateNamespaceSummaries">
Generating namespace summary information...
    Last step completed in 00:00:00.0010
</buildStep>
<buildStep step="CopyAdditionalContent">
Copying additional content files...
No additional content to copy
    Last step completed in 00:00:00.0010
</buildStep>
<buildStep step="MergeTablesOfContents">
Merging conceptual and additional tables of contents...
    Last step completed in 00:00:00.0000
</buildStep>
<buildStep step="GenerateIntermediateTableOfContents">
Generating intermediate table of contents file for API content...
Generating conceptual content intermediate TOC file...
    Last step completed in 00:00:00.0015
</buildStep>
<buildStep step="CreateBuildAssemblerConfigs">
Creating Sandcastle configuration files...
    Last step completed in 00:00:00.0426
</buildStep>
<buildStep step="CombiningIntermediateTocFiles">
Combining conceptual and API intermediate TOC files...
    Last step completed in 00:00:00.0000
</buildStep>
<buildStep step="MergeCustomConfigs">
Merging custom build component configurations
E:\clyPersonalProject\DotnetUtils\Help\Working\BuildAssembler.config
  Updating reference topic configurations.
  No conceptual content.  Removing conceptual content components.
    Last step completed in 00:00:00.0160
</buildStep>
<buildStep step="BuildTopics">
Building help topics...
Loading configuration...
Processing topics...
Processed 5 topic(s)
CopyFromIndexComponent: &quot;reflection&quot; in-memory cache entries used: 3 of 15.
CopyFromIndexComponent: &quot;comments&quot; in-memory cache entries used: 1 of 30.
    Last step completed in 00:00:02.0278
</buildStep>
<buildStep step="CopyStandardHelpContent">
Copying standard help content...
D:\Apps\SHFB\Components\Markdown\media\AlertCaution.png -&gt; E:\clyPersonalProject\DotnetUtils\Help\Working\Output\Markdown\media\AlertCaution.png
D:\Apps\SHFB\Components\Markdown\media\AlertLanguage.png -&gt; E:\clyPersonalProject\DotnetUtils\Help\Working\Output\Markdown\media\AlertLanguage.png
D:\Apps\SHFB\Components\Markdown\media\AlertNote.png -&gt; E:\clyPersonalProject\DotnetUtils\Help\Working\Output\Markdown\media\AlertNote.png
D:\Apps\SHFB\Components\Markdown\media\AlertSecurity.png -&gt; E:\clyPersonalProject\DotnetUtils\Help\Working\Output\Markdown\media\AlertSecurity.png
D:\Apps\SHFB\Components\Markdown\media\AlertToDo.png -&gt; E:\clyPersonalProject\DotnetUtils\Help\Working\Output\Markdown\media\AlertToDo.png
D:\Apps\SHFB\Components\Markdown\MarkdownContent\_Footer.md -&gt; E:\clyPersonalProject\DotnetUtils\Help\Working\Output\Markdown\_Footer.md
    Last step completed in 00:00:00.0040
</buildStep>
<buildStep step="GenerateHelpProject">
Executing informational Generate Help Project build step for plug-ins (not used for Markdown)
    Last step completed in 00:00:00.0000
</buildStep>
<buildStep step="CompilingHelpFile">
Generating markdown content...
Finished generating 5 topics
Copying content to output folder...
Finished copying 13 files
    Last step completed in 00:00:00.0080
</buildStep>
<buildStep step="CleanIntermediates">
Removing intermediate files...
    Last step completed in 00:00:00.0055
</buildStep>
<buildStep step="Completed">

Build completed successfully at 2025/10/21 13:50:41.  Total time: 00:00:02.9000

</buildStep>
</shfbBuild>
